[0.016s] Invoking command in '/home/roman/dev_ws/src/roscco/build/roscco': CMAKE_PREFIX_PATH=${CMAKE_PREFIX_PATH}:/opt/ros/galactic /usr/bin/cmake --build /home/roman/dev_ws/src/roscco/build/roscco -- -j8 -l8
[0.051s] -- VEHICLE='kia_soul'
[0.051s] -- Found ament_cmake: 1.1.4 (/opt/ros/galactic/share/ament_cmake/cmake)
[0.075s] -- Using PYTHON_EXECUTABLE: /usr/bin/python3
[0.148s] -- Found rclcpp: 9.1.0 (/opt/ros/galactic/share/rclcpp/cmake)
[0.187s] -- Using all available rosidl_typesupport_c: rosidl_typesupport_fastrtps_c;rosidl_typesupport_introspection_c
[0.191s] -- Found rosidl_adapter: 2.2.1 (/opt/ros/galactic/share/rosidl_adapter/cmake)
[0.318s] -- Using all available rosidl_typesupport_cpp: rosidl_typesupport_fastrtps_cpp;rosidl_typesupport_introspection_cpp
[0.376s] -- Found rmw_implementation_cmake: 3.3.1 (/opt/ros/galactic/share/rmw_implementation_cmake/cmake)
[0.377s] -- Found rmw_cyclonedds_cpp: 0.22.3 (/opt/ros/galactic/share/rmw_cyclonedds_cpp/cmake)
[0.397s] -- Using RMW implementation 'rmw_cyclonedds_cpp' as default
[0.547s] -- Found sensor_msgs: 2.2.3 (/opt/ros/galactic/share/sensor_msgs/cmake)
[0.668s] -- Found roscco_interfaces: 0.0.0 (/home/roman/dev_ws/install/roscco_interfaces/share/roscco_interfaces/cmake)
[0.699s] -- Found ament_lint_auto: 0.10.6 (/opt/ros/galactic/share/ament_lint_auto/cmake)
[0.774s] -- Configuring done
[0.797s] -- Generating done
[0.799s] -- Build files have been written to: /home/roman/dev_ws/src/roscco/build/roscco
[0.836s] [ 20%] Built target oscc_api
[0.843s] [ 30%] [32m[1mLinking CXX executable roscco_teleop[0m
[0.865s] [ 70%] Built target roscco_ros_to_oscc
[0.865s] [ 70%] Built target roscco_oscc_to_ros
[0.896s] [ 90%] Built target roscco_node
[1.260s] [100%] Built target roscco_teleop
[1.272s] Invoked command in '/home/roman/dev_ws/src/roscco/build/roscco' returned '0': CMAKE_PREFIX_PATH=${CMAKE_PREFIX_PATH}:/opt/ros/galactic /usr/bin/cmake --build /home/roman/dev_ws/src/roscco/build/roscco -- -j8 -l8
[1.323s] Invoking command in '/home/roman/dev_ws/src/roscco/build/roscco': CMAKE_PREFIX_PATH=${CMAKE_PREFIX_PATH}:/opt/ros/galactic /usr/bin/cmake --install /home/roman/dev_ws/src/roscco/build/roscco
[1.334s] -- Install configuration: ""
[1.334s] -- Up-to-date: /home/roman/dev_ws/src/roscco/install/roscco/share/ament_index/resource_index/package_run_dependencies/roscco
[1.335s] -- Up-to-date: /home/roman/dev_ws/src/roscco/install/roscco/share/ament_index/resource_index/parent_prefix_path/roscco
[1.335s] -- Up-to-date: /home/roman/dev_ws/src/roscco/install/roscco/share/roscco/environment/ament_prefix_path.sh
[1.335s] -- Installing: /home/roman/dev_ws/src/roscco/install/roscco/share/roscco/environment/ament_prefix_path.dsv
[1.335s] -- Up-to-date: /home/roman/dev_ws/src/roscco/install/roscco/share/roscco/environment/path.sh
[1.335s] -- Installing: /home/roman/dev_ws/src/roscco/install/roscco/share/roscco/environment/path.dsv
[1.335s] -- Up-to-date: /home/roman/dev_ws/src/roscco/install/roscco/share/roscco/local_setup.bash
[1.335s] -- Up-to-date: /home/roman/dev_ws/src/roscco/install/roscco/share/roscco/local_setup.sh
[1.335s] -- Up-to-date: /home/roman/dev_ws/src/roscco/install/roscco/share/roscco/local_setup.zsh
[1.335s] -- Installing: /home/roman/dev_ws/src/roscco/install/roscco/share/roscco/local_setup.dsv
[1.335s] -- Installing: /home/roman/dev_ws/src/roscco/install/roscco/share/roscco/package.dsv
[1.335s] -- Up-to-date: /home/roman/dev_ws/src/roscco/install/roscco/share/ament_index/resource_index/packages/roscco
[1.336s] -- Up-to-date: /home/roman/dev_ws/src/roscco/install/roscco/share/roscco/cmake/rosccoConfig.cmake
[1.336s] -- Up-to-date: /home/roman/dev_ws/src/roscco/install/roscco/share/roscco/cmake/rosccoConfig-version.cmake
[1.336s] -- Up-to-date: /home/roman/dev_ws/src/roscco/install/roscco/share/roscco/package.xml
[1.336s] -- Up-to-date: /home/roman/dev_ws/src/roscco/install/roscco/lib/roscco/liboscc_api.a
[1.336s] -- Up-to-date: /home/roman/dev_ws/src/roscco/install/roscco/lib/roscco/roscco_node
[1.336s] -- Up-to-date: /home/roman/dev_ws/src/roscco/install/roscco/lib/roscco/libroscco_oscc_to_ros.a
[1.336s] -- Up-to-date: /home/roman/dev_ws/src/roscco/install/roscco/lib/roscco/libroscco_ros_to_oscc.a
[1.336s] -- Up-to-date: /home/roman/dev_ws/src/roscco/install/roscco/lib/roscco/roscco
[1.336s] -- Up-to-date: /home/roman/dev_ws/src/roscco/install/roscco/lib/roscco/roscco/ros_to_oscc.h
[1.336s] -- Up-to-date: /home/roman/dev_ws/src/roscco/install/roscco/lib/roscco/roscco/oscc_to_ros.h
[1.337s] -- Up-to-date: /home/roman/dev_ws/src/roscco/install/roscco/lib/roscco/roscco/pid_control.h
[1.337s] -- Up-to-date: /home/roman/dev_ws/src/roscco/install/roscco/lib/roscco/include
[1.337s] -- Up-to-date: /home/roman/dev_ws/src/roscco/install/roscco/lib/roscco/include/oscc.h
[1.337s] -- Up-to-date: /home/roman/dev_ws/src/roscco/install/roscco/lib/roscco/include/dtc.h
[1.337s] -- Up-to-date: /home/roman/dev_ws/src/roscco/install/roscco/lib/roscco/include/vehicles.h
[1.337s] -- Up-to-date: /home/roman/dev_ws/src/roscco/install/roscco/lib/roscco/include/can_protocols
[1.337s] -- Up-to-date: /home/roman/dev_ws/src/roscco/install/roscco/lib/roscco/include/can_protocols/throttle_can_protocol.h
[1.337s] -- Up-to-date: /home/roman/dev_ws/src/roscco/install/roscco/lib/roscco/include/can_protocols/fault_can_protocol.h
[1.337s] -- Up-to-date: /home/roman/dev_ws/src/roscco/install/roscco/lib/roscco/include/can_protocols/magic.h
[1.337s] -- Up-to-date: /home/roman/dev_ws/src/roscco/install/roscco/lib/roscco/include/can_protocols/brake_can_protocol.h
[1.337s] -- Up-to-date: /home/roman/dev_ws/src/roscco/install/roscco/lib/roscco/include/can_protocols/steering_can_protocol.h
[1.337s] -- Up-to-date: /home/roman/dev_ws/src/roscco/install/roscco/lib/roscco/include/vehicles
[1.338s] -- Up-to-date: /home/roman/dev_ws/src/roscco/install/roscco/lib/roscco/include/vehicles/kia_soul_petrol.h
[1.338s] -- Up-to-date: /home/roman/dev_ws/src/roscco/install/roscco/lib/roscco/include/vehicles/kia_soul_ev.h
[1.338s] -- Up-to-date: /home/roman/dev_ws/src/roscco/install/roscco/lib/roscco/include/vehicles/kia_niro.h
[1.338s] -- Installing: /home/roman/dev_ws/src/roscco/install/roscco/lib/roscco/roscco_teleop
[1.340s] -- Set runtime path of "/home/roman/dev_ws/src/roscco/install/roscco/lib/roscco/roscco_teleop" to ""
[1.343s] Invoked command in '/home/roman/dev_ws/src/roscco/build/roscco' returned '0': CMAKE_PREFIX_PATH=${CMAKE_PREFIX_PATH}:/opt/ros/galactic /usr/bin/cmake --install /home/roman/dev_ws/src/roscco/build/roscco
