-- VEHICLE='kia_soul'
-- Found ament_cmake: 1.1.4 (/opt/ros/galactic/share/ament_cmake/cmake)
-- Using PYTHON_EXECUTABLE: /usr/bin/python3
-- Found rclcpp: 9.1.0 (/opt/ros/galactic/share/rclcpp/cmake)
-- Using all available rosidl_typesupport_c: rosidl_typesupport_fastrtps_c;rosidl_typesupport_introspection_c
-- Found rosidl_adapter: 2.2.1 (/opt/ros/galactic/share/rosidl_adapter/cmake)
-- Using all available rosidl_typesupport_cpp: rosidl_typesupport_fastrtps_cpp;rosidl_typesupport_introspection_cpp
-- Found rmw_implementation_cmake: 3.3.1 (/opt/ros/galactic/share/rmw_implementation_cmake/cmake)
-- Found rmw_cyclonedds_cpp: 0.22.3 (/opt/ros/galactic/share/rmw_cyclonedds_cpp/cmake)
-- Using RMW implementation 'rmw_cyclonedds_cpp' as default
-- Found sensor_msgs: 2.2.3 (/opt/ros/galactic/share/sensor_msgs/cmake)
-- Found roscco_interfaces: 0.0.0 (/home/roman/dev_ws/install/roscco_interfaces/share/roscco_interfaces/cmake)
-- Found ament_lint_auto: 0.10.6 (/opt/ros/galactic/share/ament_lint_auto/cmake)
-- Configuring done
-- Generating done
-- Build files have been written to: /home/roman/dev_ws/src/roscco/build/roscco
[ 20%] Built target oscc_api
[ 40%] Built target roscco_teleop
[ 80%] Built target roscco_ros_to_oscc
[ 80%] Built target roscco_oscc_to_ros
[100%] Built target roscco_node
-- Install configuration: ""
-- Up-to-date: /home/roman/dev_ws/src/roscco/install/roscco/share/ament_index/resource_index/package_run_dependencies/roscco
-- Up-to-date: /home/roman/dev_ws/src/roscco/install/roscco/share/ament_index/resource_index/parent_prefix_path/roscco
-- Up-to-date: /home/roman/dev_ws/src/roscco/install/roscco/share/roscco/environment/ament_prefix_path.sh
-- Installing: /home/roman/dev_ws/src/roscco/install/roscco/share/roscco/environment/ament_prefix_path.dsv
-- Up-to-date: /home/roman/dev_ws/src/roscco/install/roscco/share/roscco/environment/path.sh
-- Installing: /home/roman/dev_ws/src/roscco/install/roscco/share/roscco/environment/path.dsv
-- Up-to-date: /home/roman/dev_ws/src/roscco/install/roscco/share/roscco/local_setup.bash
-- Up-to-date: /home/roman/dev_ws/src/roscco/install/roscco/share/roscco/local_setup.sh
-- Up-to-date: /home/roman/dev_ws/src/roscco/install/roscco/share/roscco/local_setup.zsh
-- Installing: /home/roman/dev_ws/src/roscco/install/roscco/share/roscco/local_setup.dsv
-- Installing: /home/roman/dev_ws/src/roscco/install/roscco/share/roscco/package.dsv
-- Up-to-date: /home/roman/dev_ws/src/roscco/install/roscco/share/ament_index/resource_index/packages/roscco
-- Up-to-date: /home/roman/dev_ws/src/roscco/install/roscco/share/roscco/cmake/rosccoConfig.cmake
-- Up-to-date: /home/roman/dev_ws/src/roscco/install/roscco/share/roscco/cmake/rosccoConfig-version.cmake
-- Up-to-date: /home/roman/dev_ws/src/roscco/install/roscco/share/roscco/package.xml
-- Up-to-date: /home/roman/dev_ws/src/roscco/install/roscco/lib/roscco/liboscc_api.a
-- Up-to-date: /home/roman/dev_ws/src/roscco/install/roscco/lib/roscco/roscco_node
-- Up-to-date: /home/roman/dev_ws/src/roscco/install/roscco/lib/roscco/libroscco_oscc_to_ros.a
-- Up-to-date: /home/roman/dev_ws/src/roscco/install/roscco/lib/roscco/libroscco_ros_to_oscc.a
-- Up-to-date: /home/roman/dev_ws/src/roscco/install/roscco/lib/roscco/roscco
-- Up-to-date: /home/roman/dev_ws/src/roscco/install/roscco/lib/roscco/roscco/ros_to_oscc.h
-- Up-to-date: /home/roman/dev_ws/src/roscco/install/roscco/lib/roscco/roscco/oscc_to_ros.h
-- Up-to-date: /home/roman/dev_ws/src/roscco/install/roscco/lib/roscco/roscco/pid_control.h
-- Up-to-date: /home/roman/dev_ws/src/roscco/install/roscco/lib/roscco/include
-- Up-to-date: /home/roman/dev_ws/src/roscco/install/roscco/lib/roscco/include/oscc.h
-- Up-to-date: /home/roman/dev_ws/src/roscco/install/roscco/lib/roscco/include/dtc.h
-- Up-to-date: /home/roman/dev_ws/src/roscco/install/roscco/lib/roscco/include/vehicles.h
-- Up-to-date: /home/roman/dev_ws/src/roscco/install/roscco/lib/roscco/include/can_protocols
-- Up-to-date: /home/roman/dev_ws/src/roscco/install/roscco/lib/roscco/include/can_protocols/throttle_can_protocol.h
-- Up-to-date: /home/roman/dev_ws/src/roscco/install/roscco/lib/roscco/include/can_protocols/fault_can_protocol.h
-- Up-to-date: /home/roman/dev_ws/src/roscco/install/roscco/lib/roscco/include/can_protocols/magic.h
-- Up-to-date: /home/roman/dev_ws/src/roscco/install/roscco/lib/roscco/include/can_protocols/brake_can_protocol.h
-- Up-to-date: /home/roman/dev_ws/src/roscco/install/roscco/lib/roscco/include/can_protocols/steering_can_protocol.h
-- Up-to-date: /home/roman/dev_ws/src/roscco/install/roscco/lib/roscco/include/vehicles
-- Up-to-date: /home/roman/dev_ws/src/roscco/install/roscco/lib/roscco/include/vehicles/kia_soul_petrol.h
-- Up-to-date: /home/roman/dev_ws/src/roscco/install/roscco/lib/roscco/include/vehicles/kia_soul_ev.h
-- Up-to-date: /home/roman/dev_ws/src/roscco/install/roscco/lib/roscco/include/vehicles/kia_niro.h
