[0.015s] Invoking command in '/home/roman/dev_ws/src/roscco/build/roscco': CMAKE_PREFIX_PATH=${CMAKE_PREFIX_PATH}:/opt/ros/galactic /usr/bin/cmake --build /home/roman/dev_ws/src/roscco/build/roscco -- -j8 -l8
[0.047s] -- VEHICLE='kia_soul'
[0.048s] -- Found ament_cmake: 1.1.4 (/opt/ros/galactic/share/ament_cmake/cmake)
[0.071s] -- Using PYTHON_EXECUTABLE: /usr/bin/python3
[0.140s] -- Found rclcpp: 9.1.0 (/opt/ros/galactic/share/rclcpp/cmake)
[0.177s] -- Using all available rosidl_typesupport_c: rosidl_typesupport_fastrtps_c;rosidl_typesupport_introspection_c
[0.181s] -- Found rosidl_adapter: 2.2.1 (/opt/ros/galactic/share/rosidl_adapter/cmake)
[0.307s] -- Using all available rosidl_typesupport_cpp: rosidl_typesupport_fastrtps_cpp;rosidl_typesupport_introspection_cpp
[0.364s] -- Found rmw_implementation_cmake: 3.3.1 (/opt/ros/galactic/share/rmw_implementation_cmake/cmake)
[0.366s] -- Found rmw_cyclonedds_cpp: 0.22.3 (/opt/ros/galactic/share/rmw_cyclonedds_cpp/cmake)
[0.384s] -- Using RMW implementation 'rmw_cyclonedds_cpp' as default
[0.522s] -- Found sensor_msgs: 2.2.3 (/opt/ros/galactic/share/sensor_msgs/cmake)
[0.633s] -- Found roscco_interfaces: 0.0.0 (/home/roman/dev_ws/install/roscco_interfaces/share/roscco_interfaces/cmake)
[0.662s] -- Found ament_lint_auto: 0.10.6 (/opt/ros/galactic/share/ament_lint_auto/cmake)
[0.737s] -- Configuring done
[0.759s] -- Generating done
[0.761s] -- Build files have been written to: /home/roman/dev_ws/src/roscco/build/roscco
[0.801s] [ 20%] Built target oscc_api
[0.808s] [ 40%] Built target roscco_teleop
[0.829s] [ 80%] Built target roscco_ros_to_oscc
[0.829s] [ 80%] Built target roscco_oscc_to_ros
[0.863s] [100%] Built target roscco_node
[0.879s] Invoked command in '/home/roman/dev_ws/src/roscco/build/roscco' returned '0': CMAKE_PREFIX_PATH=${CMAKE_PREFIX_PATH}:/opt/ros/galactic /usr/bin/cmake --build /home/roman/dev_ws/src/roscco/build/roscco -- -j8 -l8
[0.928s] Invoking command in '/home/roman/dev_ws/src/roscco/build/roscco': CMAKE_PREFIX_PATH=${CMAKE_PREFIX_PATH}:/opt/ros/galactic /usr/bin/cmake --install /home/roman/dev_ws/src/roscco/build/roscco
[0.939s] -- Install configuration: ""
[0.939s] -- Up-to-date: /home/roman/dev_ws/src/roscco/install/roscco/share/ament_index/resource_index/package_run_dependencies/roscco
[0.939s] -- Up-to-date: /home/roman/dev_ws/src/roscco/install/roscco/share/ament_index/resource_index/parent_prefix_path/roscco
[0.939s] -- Up-to-date: /home/roman/dev_ws/src/roscco/install/roscco/share/roscco/environment/ament_prefix_path.sh
[0.939s] -- Installing: /home/roman/dev_ws/src/roscco/install/roscco/share/roscco/environment/ament_prefix_path.dsv
[0.939s] -- Up-to-date: /home/roman/dev_ws/src/roscco/install/roscco/share/roscco/environment/path.sh
[0.940s] -- Installing: /home/roman/dev_ws/src/roscco/install/roscco/share/roscco/environment/path.dsv
[0.940s] -- Up-to-date: /home/roman/dev_ws/src/roscco/install/roscco/share/roscco/local_setup.bash
[0.940s] -- Up-to-date: /home/roman/dev_ws/src/roscco/install/roscco/share/roscco/local_setup.sh
[0.940s] -- Up-to-date: /home/roman/dev_ws/src/roscco/install/roscco/share/roscco/local_setup.zsh
[0.940s] -- Installing: /home/roman/dev_ws/src/roscco/install/roscco/share/roscco/local_setup.dsv
[0.940s] -- Installing: /home/roman/dev_ws/src/roscco/install/roscco/share/roscco/package.dsv
[0.940s] -- Up-to-date: /home/roman/dev_ws/src/roscco/install/roscco/share/ament_index/resource_index/packages/roscco
[0.940s] -- Up-to-date: /home/roman/dev_ws/src/roscco/install/roscco/share/roscco/cmake/rosccoConfig.cmake
[0.940s] -- Up-to-date: /home/roman/dev_ws/src/roscco/install/roscco/share/roscco/cmake/rosccoConfig-version.cmake
[0.940s] -- Up-to-date: /home/roman/dev_ws/src/roscco/install/roscco/share/roscco/package.xml
[0.940s] -- Up-to-date: /home/roman/dev_ws/src/roscco/install/roscco/lib/roscco/liboscc_api.a
[0.940s] -- Up-to-date: /home/roman/dev_ws/src/roscco/install/roscco/lib/roscco/roscco_node
[0.941s] -- Up-to-date: /home/roman/dev_ws/src/roscco/install/roscco/lib/roscco/libroscco_oscc_to_ros.a
[0.941s] -- Up-to-date: /home/roman/dev_ws/src/roscco/install/roscco/lib/roscco/libroscco_ros_to_oscc.a
[0.941s] -- Up-to-date: /home/roman/dev_ws/src/roscco/install/roscco/lib/roscco/roscco
[0.941s] -- Up-to-date: /home/roman/dev_ws/src/roscco/install/roscco/lib/roscco/roscco/ros_to_oscc.h
[0.941s] -- Up-to-date: /home/roman/dev_ws/src/roscco/install/roscco/lib/roscco/roscco/oscc_to_ros.h
[0.941s] -- Up-to-date: /home/roman/dev_ws/src/roscco/install/roscco/lib/roscco/roscco/pid_control.h
[0.941s] -- Up-to-date: /home/roman/dev_ws/src/roscco/install/roscco/lib/roscco/include
[0.941s] -- Up-to-date: /home/roman/dev_ws/src/roscco/install/roscco/lib/roscco/include/oscc.h
[0.941s] -- Up-to-date: /home/roman/dev_ws/src/roscco/install/roscco/lib/roscco/include/dtc.h
[0.941s] -- Up-to-date: /home/roman/dev_ws/src/roscco/install/roscco/lib/roscco/include/vehicles.h
[0.941s] -- Up-to-date: /home/roman/dev_ws/src/roscco/install/roscco/lib/roscco/include/can_protocols
[0.941s] -- Up-to-date: /home/roman/dev_ws/src/roscco/install/roscco/lib/roscco/include/can_protocols/throttle_can_protocol.h
[0.942s] -- Up-to-date: /home/roman/dev_ws/src/roscco/install/roscco/lib/roscco/include/can_protocols/fault_can_protocol.h
[0.942s] -- Up-to-date: /home/roman/dev_ws/src/roscco/install/roscco/lib/roscco/include/can_protocols/magic.h
[0.942s] -- Up-to-date: /home/roman/dev_ws/src/roscco/install/roscco/lib/roscco/include/can_protocols/brake_can_protocol.h
[0.942s] -- Up-to-date: /home/roman/dev_ws/src/roscco/install/roscco/lib/roscco/include/can_protocols/steering_can_protocol.h
[0.942s] -- Up-to-date: /home/roman/dev_ws/src/roscco/install/roscco/lib/roscco/include/vehicles
[0.942s] -- Up-to-date: /home/roman/dev_ws/src/roscco/install/roscco/lib/roscco/include/vehicles/kia_soul_petrol.h
[0.942s] -- Up-to-date: /home/roman/dev_ws/src/roscco/install/roscco/lib/roscco/include/vehicles/kia_soul_ev.h
[0.942s] -- Up-to-date: /home/roman/dev_ws/src/roscco/install/roscco/lib/roscco/include/vehicles/kia_niro.h
[0.944s] Invoked command in '/home/roman/dev_ws/src/roscco/build/roscco' returned '0': CMAKE_PREFIX_PATH=${CMAKE_PREFIX_PATH}:/opt/ros/galactic /usr/bin/cmake --install /home/roman/dev_ws/src/roscco/build/roscco
