-- VEHICLE='kia_soul'
-- Found ament_cmake: 1.1.4 (/opt/ros/galactic/share/ament_cmake/cmake)
-- Found PythonInterp: /usr/bin/python3 (found suitable version "3.8.10", minimum required is "3") 
-- Using PYTHON_EXECUTABLE: /usr/bin/python3
-- Found rclcpp: 9.1.0 (/opt/ros/galactic/share/rclcpp/cmake)
-- Using all available rosidl_typesupport_c: rosidl_typesupport_fastrtps_c;rosidl_typesupport_introspection_c
-- Found rosidl_adapter: 2.2.1 (/opt/ros/galactic/share/rosidl_adapter/cmake)
-- Found OpenSSL: /usr/lib/x86_64-linux-gnu/libcrypto.so (found version "1.1.1f")  
-- Found FastRTPS: /opt/ros/galactic/include  
-- Using all available rosidl_typesupport_cpp: rosidl_typesupport_fastrtps_cpp;rosidl_typesupport_introspection_cpp
-- Found rmw_implementation_cmake: 3.3.1 (/opt/ros/galactic/share/rmw_implementation_cmake/cmake)
-- Found rmw_cyclonedds_cpp: 0.22.3 (/opt/ros/galactic/share/rmw_cyclonedds_cpp/cmake)
-- Using RMW implementation 'rmw_cyclonedds_cpp' as default
-- Looking for pthread.h
-- Looking for pthread.h - found
-- Performing Test CMAKE_HAVE_LIBC_PTHREAD
-- Performing Test CMAKE_HAVE_LIBC_PTHREAD - Failed
-- Looking for pthread_create in pthreads
-- Looking for pthread_create in pthreads - not found
-- Looking for pthread_create in pthread
-- Looking for pthread_create in pthread - found
-- Found Threads: TRUE  
-- Found sensor_msgs: 2.2.3 (/opt/ros/galactic/share/sensor_msgs/cmake)
-- Found roscco_interfaces: 0.0.0 (/home/roman/dev_ws/install/roscco_interfaces/share/roscco_interfaces/cmake)
-- Found ament_lint_auto: 0.10.6 (/opt/ros/galactic/share/ament_lint_auto/cmake)
-- Configuring done
-- Generating done
-- Build files have been written to: /home/roman/dev_ws/src/roscco/build/roscco
[35m[1mScanning dependencies of target roscco_teleop[0m
[35m[1mScanning dependencies of target oscc_api[0m
[ 10%] [32mBuilding C object CMakeFiles/oscc_api.dir/oscc/api/src/oscc.c.o[0m
[ 20%] [32mBuilding CXX object CMakeFiles/roscco_teleop.dir/example/roscco_teleop.cpp.o[0m
[ 30%] [32m[1mLinking C static library liboscc_api.a[0m
[ 30%] Built target oscc_api
[35m[1mScanning dependencies of target roscco_oscc_to_ros[0m
[35m[1mScanning dependencies of target roscco_ros_to_oscc[0m
[ 50%] [32mBuilding CXX object CMakeFiles/roscco_ros_to_oscc.dir/src/ros_to_oscc.cpp.o[0m
[ 50%] [32mBuilding CXX object CMakeFiles/roscco_oscc_to_ros.dir/src/oscc_to_ros.cpp.o[0m
[ 60%] [32m[1mLinking CXX static library libroscco_oscc_to_ros.a[0m
[ 60%] Built target roscco_oscc_to_ros
[ 70%] [32m[1mLinking CXX executable roscco_teleop[0m
[ 70%] Built target roscco_teleop
[ 80%] [32m[1mLinking CXX static library libroscco_ros_to_oscc.a[0m
[ 80%] Built target roscco_ros_to_oscc
[35m[1mScanning dependencies of target roscco_node[0m
[ 90%] [32mBuilding CXX object CMakeFiles/roscco_node.dir/src/roscco_node.cpp.o[0m
[100%] [32m[1mLinking CXX executable roscco_node[0m
[100%] Built target roscco_node
-- Install configuration: ""
-- Installing: /home/roman/dev_ws/src/roscco/install/roscco/share/ament_index/resource_index/package_run_dependencies/roscco
-- Installing: /home/roman/dev_ws/src/roscco/install/roscco/share/ament_index/resource_index/parent_prefix_path/roscco
-- Installing: /home/roman/dev_ws/src/roscco/install/roscco/share/roscco/environment/ament_prefix_path.sh
-- Installing: /home/roman/dev_ws/src/roscco/install/roscco/share/roscco/environment/ament_prefix_path.dsv
-- Installing: /home/roman/dev_ws/src/roscco/install/roscco/share/roscco/environment/path.sh
-- Installing: /home/roman/dev_ws/src/roscco/install/roscco/share/roscco/environment/path.dsv
-- Installing: /home/roman/dev_ws/src/roscco/install/roscco/share/roscco/local_setup.bash
-- Installing: /home/roman/dev_ws/src/roscco/install/roscco/share/roscco/local_setup.sh
-- Installing: /home/roman/dev_ws/src/roscco/install/roscco/share/roscco/local_setup.zsh
-- Installing: /home/roman/dev_ws/src/roscco/install/roscco/share/roscco/local_setup.dsv
-- Installing: /home/roman/dev_ws/src/roscco/install/roscco/share/roscco/package.dsv
-- Installing: /home/roman/dev_ws/src/roscco/install/roscco/share/ament_index/resource_index/packages/roscco
-- Installing: /home/roman/dev_ws/src/roscco/install/roscco/share/roscco/cmake/rosccoConfig.cmake
-- Installing: /home/roman/dev_ws/src/roscco/install/roscco/share/roscco/cmake/rosccoConfig-version.cmake
-- Installing: /home/roman/dev_ws/src/roscco/install/roscco/share/roscco/package.xml
-- Installing: /home/roman/dev_ws/src/roscco/install/roscco/lib/liboscc_api.a
-- Installing: /home/roman/dev_ws/src/roscco/install/roscco/bin/roscco_node
-- Set runtime path of "/home/roman/dev_ws/src/roscco/install/roscco/bin/roscco_node" to ""
-- Installing: /home/roman/dev_ws/src/roscco/install/roscco/lib/libroscco_oscc_to_ros.a
-- Installing: /home/roman/dev_ws/src/roscco/install/roscco/lib/libroscco_ros_to_oscc.a
-- Installing: /home/roman/dev_ws/src/roscco/install/roscco/lib/roscco/roscco
-- Installing: /home/roman/dev_ws/src/roscco/install/roscco/lib/roscco/roscco/ros_to_oscc.h
-- Installing: /home/roman/dev_ws/src/roscco/install/roscco/lib/roscco/roscco/oscc_to_ros.h
-- Installing: /home/roman/dev_ws/src/roscco/install/roscco/lib/roscco/roscco/pid_control.h
-- Installing: /home/roman/dev_ws/src/roscco/install/roscco/lib/roscco/include
-- Installing: /home/roman/dev_ws/src/roscco/install/roscco/lib/roscco/include/oscc.h
-- Installing: /home/roman/dev_ws/src/roscco/install/roscco/lib/roscco/include/dtc.h
-- Installing: /home/roman/dev_ws/src/roscco/install/roscco/lib/roscco/include/vehicles.h
-- Installing: /home/roman/dev_ws/src/roscco/install/roscco/lib/roscco/include/can_protocols
-- Installing: /home/roman/dev_ws/src/roscco/install/roscco/lib/roscco/include/can_protocols/throttle_can_protocol.h
-- Installing: /home/roman/dev_ws/src/roscco/install/roscco/lib/roscco/include/can_protocols/fault_can_protocol.h
-- Installing: /home/roman/dev_ws/src/roscco/install/roscco/lib/roscco/include/can_protocols/magic.h
-- Installing: /home/roman/dev_ws/src/roscco/install/roscco/lib/roscco/include/can_protocols/brake_can_protocol.h
-- Installing: /home/roman/dev_ws/src/roscco/install/roscco/lib/roscco/include/can_protocols/steering_can_protocol.h
-- Installing: /home/roman/dev_ws/src/roscco/install/roscco/lib/roscco/include/vehicles
-- Installing: /home/roman/dev_ws/src/roscco/install/roscco/lib/roscco/include/vehicles/kia_soul_petrol.h
-- Installing: /home/roman/dev_ws/src/roscco/install/roscco/lib/roscco/include/vehicles/kia_soul_ev.h
-- Installing: /home/roman/dev_ws/src/roscco/install/roscco/lib/roscco/include/vehicles/kia_niro.h
