[0.307s] DEBUG:colcon:Command line arguments: ['/usr/bin/colcon', 'build', '--cmake-args', '-DVEHICLE=kia_soul', '-DEXAMPLE=ON']
[0.307s] DEBUG:colcon:Parsed command line arguments: Namespace(ament_cmake_args=None, base_paths=['.'], build_base='build', catkin_cmake_args=None, catkin_skip_building_tests=False, cmake_args=['-DVEHICLE=kia_soul', '-DEXAMPLE=ON'], cmake_clean_cache=False, cmake_clean_first=False, cmake_force_configure=False, cmake_target=None, cmake_target_skip_unavailable=False, continue_on_error=False, event_handlers=None, executor='parallel', ignore_user_meta=False, install_base='install', log_base=None, log_level=None, main=<bound method BuildVerb.main of <colcon_core.verb.build.BuildVerb object at 0x7fe2867807f0>>, merge_install=False, metas=['./colcon.meta'], packages_above=None, packages_above_and_dependencies=None, packages_above_depth=None, packages_end=None, packages_ignore=None, packages_ignore_regex=None, packages_select=None, packages_select_build_failed=False, packages_select_by_dep=None, packages_select_regex=None, packages_select_test_failures=False, packages_skip=None, packages_skip_build_finished=False, packages_skip_by_dep=None, packages_skip_regex=None, packages_skip_test_passed=False, packages_skip_up_to=None, packages_start=None, packages_up_to=None, packages_up_to_regex=None, parallel_workers=8, paths=None, symlink_install=False, test_result_base=None, verb_extension=<colcon_core.verb.build.BuildVerb object at 0x7fe2867807f0>, verb_name='build', verb_parser=<colcon_defaults.argument_parser.defaults.DefaultArgumentsDecorator object at 0x7fe286780d60>)
[0.312s] Level 1:colcon.colcon_core.package_discovery:discover_packages(colcon_meta) check parameters
[0.312s] Level 1:colcon.colcon_core.package_discovery:discover_packages(recursive) check parameters
[0.312s] Level 1:colcon.colcon_core.package_discovery:discover_packages(ignore) check parameters
[0.312s] Level 1:colcon.colcon_core.package_discovery:discover_packages(path) check parameters
[0.312s] Level 1:colcon.colcon_core.package_discovery:discover_packages(colcon_meta) discover
[0.312s] Level 1:colcon.colcon_core.package_discovery:discover_packages(recursive) discover
[0.312s] INFO:colcon.colcon_core.package_discovery:Crawling recursively for packages in '/home/roman/dev_ws/src/roscco'
[0.312s] Level 1:colcon.colcon_core.package_identification:_identify(.) by extensions ['ignore', 'ignore_ament_install']
[0.312s] Level 1:colcon.colcon_core.package_identification:_identify(.) by extension 'ignore'
[0.312s] Level 1:colcon.colcon_core.package_identification:_identify(.) by extension 'ignore_ament_install'
[0.312s] Level 1:colcon.colcon_core.package_identification:_identify(.) by extensions ['colcon_pkg']
[0.312s] Level 1:colcon.colcon_core.package_identification:_identify(.) by extension 'colcon_pkg'
[0.312s] Level 1:colcon.colcon_core.package_identification:_identify(.) by extensions ['colcon_meta']
[0.312s] Level 1:colcon.colcon_core.package_identification:_identify(.) by extension 'colcon_meta'
[0.312s] Level 1:colcon.colcon_core.package_identification:_identify(.) by extensions ['ros']
[0.312s] Level 1:colcon.colcon_core.package_identification:_identify(.) by extension 'ros'
[0.325s] DEBUG:colcon.colcon_core.package_identification:Package '.' with type 'ros.ament_cmake' and name 'roscco'
[0.326s] Level 1:colcon.colcon_core.package_discovery:discover_packages(recursive) using defaults
[0.326s] Level 1:colcon.colcon_core.package_discovery:discover_packages(ignore) discover
[0.326s] Level 1:colcon.colcon_core.package_discovery:discover_packages(ignore) using defaults
[0.326s] Level 1:colcon.colcon_core.package_discovery:discover_packages(path) discover
[0.326s] Level 1:colcon.colcon_core.package_discovery:discover_packages(path) using defaults
[0.344s] Level 5:colcon.colcon_core.verb:set package 'roscco' build argument 'cmake_args' from command line to '['-DVEHICLE=kia_soul', '-DEXAMPLE=ON']'
[0.344s] Level 5:colcon.colcon_core.verb:set package 'roscco' build argument 'cmake_target' from command line to 'None'
[0.344s] Level 5:colcon.colcon_core.verb:set package 'roscco' build argument 'cmake_target_skip_unavailable' from command line to 'False'
[0.344s] Level 5:colcon.colcon_core.verb:set package 'roscco' build argument 'cmake_clean_cache' from command line to 'False'
[0.344s] Level 5:colcon.colcon_core.verb:set package 'roscco' build argument 'cmake_clean_first' from command line to 'False'
[0.344s] Level 5:colcon.colcon_core.verb:set package 'roscco' build argument 'cmake_force_configure' from command line to 'False'
[0.344s] Level 5:colcon.colcon_core.verb:set package 'roscco' build argument 'ament_cmake_args' from command line to 'None'
[0.344s] Level 5:colcon.colcon_core.verb:set package 'roscco' build argument 'catkin_cmake_args' from command line to 'None'
[0.344s] Level 5:colcon.colcon_core.verb:set package 'roscco' build argument 'catkin_skip_building_tests' from command line to 'False'
[0.344s] DEBUG:colcon.colcon_core.verb:Building package 'roscco' with the following arguments: {'ament_cmake_args': None, 'build_base': '/home/roman/dev_ws/src/roscco/build/roscco', 'catkin_cmake_args': None, 'catkin_skip_building_tests': False, 'cmake_args': ['-DVEHICLE=kia_soul', '-DEXAMPLE=ON'], 'cmake_clean_cache': False, 'cmake_clean_first': False, 'cmake_force_configure': False, 'cmake_target': None, 'cmake_target_skip_unavailable': False, 'install_base': '/home/roman/dev_ws/src/roscco/install/roscco', 'merge_install': False, 'path': '/home/roman/dev_ws/src/roscco', 'symlink_install': False, 'test_result_base': None}
[0.345s] INFO:colcon.colcon_core.executor:Executing jobs using 'parallel' executor
[0.347s] DEBUG:colcon.colcon_parallel_executor.executor.parallel:run_until_complete
[0.347s] INFO:colcon.colcon_ros.task.ament_cmake.build:Building ROS package in '/home/roman/dev_ws/src/roscco' with build type 'ament_cmake'
[0.347s] INFO:colcon.colcon_cmake.task.cmake.build:Building CMake package in '/home/roman/dev_ws/src/roscco'
[0.350s] INFO:colcon.colcon_core.plugin_system:Skipping extension 'colcon_core.shell.bat': Not used on non-Windows systems
[0.351s] INFO:colcon.colcon_core.shell:Skip shell extension 'powershell' for command environment: Not usable outside of PowerShell
[0.351s] DEBUG:colcon.colcon_core.shell:Skip shell extension 'dsv' for command environment
[0.353s] DEBUG:colcon.colcon_core.shell:Ignoring prefix path '/opt/ros/galactic'
[0.362s] DEBUG:colcon.colcon_core.event_handler.log_command:Invoking command in '/home/roman/dev_ws/src/roscco/build/roscco': CMAKE_PREFIX_PATH=${CMAKE_PREFIX_PATH}:/opt/ros/galactic /usr/bin/cmake /home/roman/dev_ws/src/roscco -DVEHICLE=kia_soul -DEXAMPLE=ON -DCMAKE_INSTALL_PREFIX=/home/roman/dev_ws/src/roscco/install/roscco
[1.577s] DEBUG:colcon.colcon_core.event_handler.log_command:Invoked command in '/home/roman/dev_ws/src/roscco/build/roscco' returned '0': CMAKE_PREFIX_PATH=${CMAKE_PREFIX_PATH}:/opt/ros/galactic /usr/bin/cmake /home/roman/dev_ws/src/roscco -DVEHICLE=kia_soul -DEXAMPLE=ON -DCMAKE_INSTALL_PREFIX=/home/roman/dev_ws/src/roscco/install/roscco
[1.578s] DEBUG:colcon.colcon_core.event_handler.log_command:Invoking command in '/home/roman/dev_ws/src/roscco/build/roscco': CMAKE_PREFIX_PATH=${CMAKE_PREFIX_PATH}:/opt/ros/galactic /usr/bin/cmake --build /home/roman/dev_ws/src/roscco/build/roscco -- -j8 -l8
[19.523s] DEBUG:colcon.colcon_core.event_handler.log_command:Invoked command in '/home/roman/dev_ws/src/roscco/build/roscco' returned '0': CMAKE_PREFIX_PATH=${CMAKE_PREFIX_PATH}:/opt/ros/galactic /usr/bin/cmake --build /home/roman/dev_ws/src/roscco/build/roscco -- -j8 -l8
[19.582s] DEBUG:colcon.colcon_core.event_handler.log_command:Invoking command in '/home/roman/dev_ws/src/roscco/build/roscco': CMAKE_PREFIX_PATH=${CMAKE_PREFIX_PATH}:/opt/ros/galactic /usr/bin/cmake --install /home/roman/dev_ws/src/roscco/build/roscco
[19.629s] Level 1:colcon.colcon_core.environment:create_environment_scripts_only(roscco)
[19.630s] DEBUG:colcon.colcon_core.event_handler.log_command:Invoked command in '/home/roman/dev_ws/src/roscco/build/roscco' returned '0': CMAKE_PREFIX_PATH=${CMAKE_PREFIX_PATH}:/opt/ros/galactic /usr/bin/cmake --install /home/roman/dev_ws/src/roscco/build/roscco
[19.635s] Level 1:colcon.colcon_core.environment:checking '/home/roman/dev_ws/src/roscco/install/roscco' for CMake module files
[19.636s] Level 1:colcon.colcon_core.environment:checking '/home/roman/dev_ws/src/roscco/install/roscco' for CMake config files
[19.637s] Level 1:colcon.colcon_core.shell:create_environment_hook('roscco', 'cmake_prefix_path')
[19.638s] INFO:colcon.colcon_core.shell:Creating environment hook '/home/roman/dev_ws/src/roscco/install/roscco/share/roscco/hook/cmake_prefix_path.ps1'
[19.639s] INFO:colcon.colcon_core.shell:Creating environment descriptor '/home/roman/dev_ws/src/roscco/install/roscco/share/roscco/hook/cmake_prefix_path.dsv'
[19.640s] INFO:colcon.colcon_core.shell:Creating environment hook '/home/roman/dev_ws/src/roscco/install/roscco/share/roscco/hook/cmake_prefix_path.sh'
[19.641s] Level 1:colcon.colcon_core.environment:checking '/home/roman/dev_ws/src/roscco/install/roscco/lib'
[19.641s] Level 1:colcon.colcon_core.environment:checking '/home/roman/dev_ws/src/roscco/install/roscco/bin'
[19.641s] Level 1:colcon.colcon_core.shell:create_environment_hook('roscco', 'path')
[19.642s] INFO:colcon.colcon_core.shell:Creating environment hook '/home/roman/dev_ws/src/roscco/install/roscco/share/roscco/hook/path.ps1'
[19.642s] INFO:colcon.colcon_core.shell:Creating environment descriptor '/home/roman/dev_ws/src/roscco/install/roscco/share/roscco/hook/path.dsv'
[19.643s] INFO:colcon.colcon_core.shell:Creating environment hook '/home/roman/dev_ws/src/roscco/install/roscco/share/roscco/hook/path.sh'
[19.643s] Level 1:colcon.colcon_core.environment:checking '/home/roman/dev_ws/src/roscco/install/roscco/lib/pkgconfig/roscco.pc'
[19.643s] Level 1:colcon.colcon_core.environment:checking '/home/roman/dev_ws/src/roscco/install/roscco/lib/python3.8/site-packages'
[19.644s] INFO:colcon.colcon_core.shell:Creating package script '/home/roman/dev_ws/src/roscco/install/roscco/share/roscco/package.ps1'
[19.644s] INFO:colcon.colcon_core.shell:Creating package descriptor '/home/roman/dev_ws/src/roscco/install/roscco/share/roscco/package.dsv'
[19.645s] INFO:colcon.colcon_core.shell:Creating package script '/home/roman/dev_ws/src/roscco/install/roscco/share/roscco/package.sh'
[19.646s] INFO:colcon.colcon_core.shell:Creating package script '/home/roman/dev_ws/src/roscco/install/roscco/share/roscco/package.bash'
[19.647s] INFO:colcon.colcon_core.shell:Creating package script '/home/roman/dev_ws/src/roscco/install/roscco/share/roscco/package.zsh'
[19.648s] Level 1:colcon.colcon_core.environment:create_file_with_runtime_dependencies(/home/roman/dev_ws/src/roscco/install/roscco/share/colcon-core/packages/roscco)
[19.687s] Level 1:colcon.colcon_core.environment:create_environment_scripts_only(roscco)
[19.688s] Level 1:colcon.colcon_core.environment:checking '/home/roman/dev_ws/src/roscco/install/roscco' for CMake module files
[19.688s] Level 1:colcon.colcon_core.environment:checking '/home/roman/dev_ws/src/roscco/install/roscco' for CMake config files
[19.689s] Level 1:colcon.colcon_core.shell:create_environment_hook('roscco', 'cmake_prefix_path')
[19.689s] INFO:colcon.colcon_core.shell:Creating environment hook '/home/roman/dev_ws/src/roscco/install/roscco/share/roscco/hook/cmake_prefix_path.ps1'
[19.690s] INFO:colcon.colcon_core.shell:Creating environment descriptor '/home/roman/dev_ws/src/roscco/install/roscco/share/roscco/hook/cmake_prefix_path.dsv'
[19.691s] INFO:colcon.colcon_core.shell:Creating environment hook '/home/roman/dev_ws/src/roscco/install/roscco/share/roscco/hook/cmake_prefix_path.sh'
[19.692s] Level 1:colcon.colcon_core.environment:checking '/home/roman/dev_ws/src/roscco/install/roscco/lib'
[19.692s] Level 1:colcon.colcon_core.environment:checking '/home/roman/dev_ws/src/roscco/install/roscco/bin'
[19.692s] Level 1:colcon.colcon_core.shell:create_environment_hook('roscco', 'path')
[19.693s] INFO:colcon.colcon_core.shell:Creating environment hook '/home/roman/dev_ws/src/roscco/install/roscco/share/roscco/hook/path.ps1'
[19.693s] INFO:colcon.colcon_core.shell:Creating environment descriptor '/home/roman/dev_ws/src/roscco/install/roscco/share/roscco/hook/path.dsv'
[19.694s] INFO:colcon.colcon_core.shell:Creating environment hook '/home/roman/dev_ws/src/roscco/install/roscco/share/roscco/hook/path.sh'
[19.694s] Level 1:colcon.colcon_core.environment:checking '/home/roman/dev_ws/src/roscco/install/roscco/lib/pkgconfig/roscco.pc'
[19.694s] Level 1:colcon.colcon_core.environment:checking '/home/roman/dev_ws/src/roscco/install/roscco/lib/python3.8/site-packages'
[19.695s] INFO:colcon.colcon_core.shell:Creating package script '/home/roman/dev_ws/src/roscco/install/roscco/share/roscco/package.ps1'
[19.696s] INFO:colcon.colcon_core.shell:Creating package descriptor '/home/roman/dev_ws/src/roscco/install/roscco/share/roscco/package.dsv'
[19.697s] INFO:colcon.colcon_core.shell:Creating package script '/home/roman/dev_ws/src/roscco/install/roscco/share/roscco/package.sh'
[19.697s] INFO:colcon.colcon_core.shell:Creating package script '/home/roman/dev_ws/src/roscco/install/roscco/share/roscco/package.bash'
[19.698s] INFO:colcon.colcon_core.shell:Creating package script '/home/roman/dev_ws/src/roscco/install/roscco/share/roscco/package.zsh'
[19.698s] Level 1:colcon.colcon_core.environment:create_file_with_runtime_dependencies(/home/roman/dev_ws/src/roscco/install/roscco/share/colcon-core/packages/roscco)
[19.699s] DEBUG:colcon.colcon_parallel_executor.executor.parallel:closing loop
[19.699s] DEBUG:colcon.colcon_parallel_executor.executor.parallel:loop closed
[19.699s] DEBUG:colcon.colcon_parallel_executor.executor.parallel:run_until_complete finished with '0'
[19.700s] DEBUG:colcon.colcon_core.event_reactor:joining thread
[19.706s] INFO:colcon.colcon_core.plugin_system:Skipping extension 'colcon_notification.desktop_notification.terminal_notifier': Not used on non-Darwin systems
[19.706s] INFO:colcon.colcon_core.plugin_system:Skipping extension 'colcon_notification.desktop_notification.win32': Not used on non-Windows systems
[19.706s] INFO:colcon.colcon_notification.desktop_notification:Sending desktop notification using 'notify2'
[19.728s] DEBUG:colcon.colcon_core.event_reactor:joined thread
[19.729s] INFO:colcon.colcon_core.shell:Creating prefix script '/home/roman/dev_ws/src/roscco/install/local_setup.ps1'
[19.730s] INFO:colcon.colcon_core.shell:Creating prefix util module '/home/roman/dev_ws/src/roscco/install/_local_setup_util_ps1.py'
[19.731s] INFO:colcon.colcon_core.shell:Creating prefix chain script '/home/roman/dev_ws/src/roscco/install/setup.ps1'
[19.734s] INFO:colcon.colcon_core.shell:Creating prefix script '/home/roman/dev_ws/src/roscco/install/local_setup.sh'
[19.734s] INFO:colcon.colcon_core.shell:Creating prefix util module '/home/roman/dev_ws/src/roscco/install/_local_setup_util_sh.py'
[19.735s] INFO:colcon.colcon_core.shell:Creating prefix chain script '/home/roman/dev_ws/src/roscco/install/setup.sh'
[19.737s] INFO:colcon.colcon_core.shell:Creating prefix script '/home/roman/dev_ws/src/roscco/install/local_setup.bash'
[19.738s] INFO:colcon.colcon_core.shell:Creating prefix chain script '/home/roman/dev_ws/src/roscco/install/setup.bash'
[19.740s] INFO:colcon.colcon_core.shell:Creating prefix script '/home/roman/dev_ws/src/roscco/install/local_setup.zsh'
[19.740s] INFO:colcon.colcon_core.shell:Creating prefix chain script '/home/roman/dev_ws/src/roscco/install/setup.zsh'
