[0.311s] DEBUG:colcon:Command line arguments: ['/usr/bin/colcon', 'build', '--cmake-args', '-DVEHICLE=kia_soul', '-DEXAMPLE=ON']
[0.311s] DEBUG:colcon:Parsed command line arguments: Namespace(ament_cmake_args=None, base_paths=['.'], build_base='build', catkin_cmake_args=None, catkin_skip_building_tests=False, cmake_args=['-DVEHICLE=kia_soul', '-DEXAMPLE=ON'], cmake_clean_cache=False, cmake_clean_first=False, cmake_force_configure=False, cmake_target=None, cmake_target_skip_unavailable=False, continue_on_error=False, event_handlers=None, executor='parallel', ignore_user_meta=False, install_base='install', log_base=None, log_level=None, main=<bound method BuildVerb.main of <colcon_core.verb.build.BuildVerb object at 0x7f3bd21a97f0>>, merge_install=False, metas=['./colcon.meta'], packages_above=None, packages_above_and_dependencies=None, packages_above_depth=None, packages_end=None, packages_ignore=None, packages_ignore_regex=None, packages_select=None, packages_select_build_failed=False, packages_select_by_dep=None, packages_select_regex=None, packages_select_test_failures=False, packages_skip=None, packages_skip_build_finished=False, packages_skip_by_dep=None, packages_skip_regex=None, packages_skip_test_passed=False, packages_skip_up_to=None, packages_start=None, packages_up_to=None, packages_up_to_regex=None, parallel_workers=8, paths=None, symlink_install=False, test_result_base=None, verb_extension=<colcon_core.verb.build.BuildVerb object at 0x7f3bd21a97f0>, verb_name='build', verb_parser=<colcon_defaults.argument_parser.defaults.DefaultArgumentsDecorator object at 0x7f3bd21a9d60>)
[0.316s] Level 1:colcon.colcon_core.package_discovery:discover_packages(colcon_meta) check parameters
[0.316s] Level 1:colcon.colcon_core.package_discovery:discover_packages(recursive) check parameters
[0.316s] Level 1:colcon.colcon_core.package_discovery:discover_packages(ignore) check parameters
[0.316s] Level 1:colcon.colcon_core.package_discovery:discover_packages(path) check parameters
[0.316s] Level 1:colcon.colcon_core.package_discovery:discover_packages(colcon_meta) discover
[0.316s] Level 1:colcon.colcon_core.package_discovery:discover_packages(recursive) discover
[0.316s] INFO:colcon.colcon_core.package_discovery:Crawling recursively for packages in '/home/roman/dev_ws/src/roscco'
[0.317s] Level 1:colcon.colcon_core.package_identification:_identify(.) by extensions ['ignore', 'ignore_ament_install']
[0.317s] Level 1:colcon.colcon_core.package_identification:_identify(.) by extension 'ignore'
[0.317s] Level 1:colcon.colcon_core.package_identification:_identify(.) by extension 'ignore_ament_install'
[0.317s] Level 1:colcon.colcon_core.package_identification:_identify(.) by extensions ['colcon_pkg']
[0.317s] Level 1:colcon.colcon_core.package_identification:_identify(.) by extension 'colcon_pkg'
[0.317s] Level 1:colcon.colcon_core.package_identification:_identify(.) by extensions ['colcon_meta']
[0.317s] Level 1:colcon.colcon_core.package_identification:_identify(.) by extension 'colcon_meta'
[0.317s] Level 1:colcon.colcon_core.package_identification:_identify(.) by extensions ['ros']
[0.317s] Level 1:colcon.colcon_core.package_identification:_identify(.) by extension 'ros'
[0.330s] DEBUG:colcon.colcon_core.package_identification:Package '.' with type 'ros.ament_cmake' and name 'roscco'
[0.331s] Level 1:colcon.colcon_core.package_discovery:discover_packages(recursive) using defaults
[0.331s] Level 1:colcon.colcon_core.package_discovery:discover_packages(ignore) discover
[0.331s] Level 1:colcon.colcon_core.package_discovery:discover_packages(ignore) using defaults
[0.331s] Level 1:colcon.colcon_core.package_discovery:discover_packages(path) discover
[0.331s] Level 1:colcon.colcon_core.package_discovery:discover_packages(path) using defaults
[0.349s] Level 5:colcon.colcon_core.verb:set package 'roscco' build argument 'cmake_args' from command line to '['-DVEHICLE=kia_soul', '-DEXAMPLE=ON']'
[0.349s] Level 5:colcon.colcon_core.verb:set package 'roscco' build argument 'cmake_target' from command line to 'None'
[0.349s] Level 5:colcon.colcon_core.verb:set package 'roscco' build argument 'cmake_target_skip_unavailable' from command line to 'False'
[0.349s] Level 5:colcon.colcon_core.verb:set package 'roscco' build argument 'cmake_clean_cache' from command line to 'False'
[0.350s] Level 5:colcon.colcon_core.verb:set package 'roscco' build argument 'cmake_clean_first' from command line to 'False'
[0.350s] Level 5:colcon.colcon_core.verb:set package 'roscco' build argument 'cmake_force_configure' from command line to 'False'
[0.350s] Level 5:colcon.colcon_core.verb:set package 'roscco' build argument 'ament_cmake_args' from command line to 'None'
[0.350s] Level 5:colcon.colcon_core.verb:set package 'roscco' build argument 'catkin_cmake_args' from command line to 'None'
[0.350s] Level 5:colcon.colcon_core.verb:set package 'roscco' build argument 'catkin_skip_building_tests' from command line to 'False'
[0.350s] DEBUG:colcon.colcon_core.verb:Building package 'roscco' with the following arguments: {'ament_cmake_args': None, 'build_base': '/home/roman/dev_ws/src/roscco/build/roscco', 'catkin_cmake_args': None, 'catkin_skip_building_tests': False, 'cmake_args': ['-DVEHICLE=kia_soul', '-DEXAMPLE=ON'], 'cmake_clean_cache': False, 'cmake_clean_first': False, 'cmake_force_configure': False, 'cmake_target': None, 'cmake_target_skip_unavailable': False, 'install_base': '/home/roman/dev_ws/src/roscco/install/roscco', 'merge_install': False, 'path': '/home/roman/dev_ws/src/roscco', 'symlink_install': False, 'test_result_base': None}
[0.350s] INFO:colcon.colcon_core.executor:Executing jobs using 'parallel' executor
[0.352s] DEBUG:colcon.colcon_parallel_executor.executor.parallel:run_until_complete
[0.352s] INFO:colcon.colcon_ros.task.ament_cmake.build:Building ROS package in '/home/roman/dev_ws/src/roscco' with build type 'ament_cmake'
[0.352s] INFO:colcon.colcon_cmake.task.cmake.build:Building CMake package in '/home/roman/dev_ws/src/roscco'
[0.356s] INFO:colcon.colcon_core.plugin_system:Skipping extension 'colcon_core.shell.bat': Not used on non-Windows systems
[0.356s] INFO:colcon.colcon_core.shell:Skip shell extension 'powershell' for command environment: Not usable outside of PowerShell
[0.356s] DEBUG:colcon.colcon_core.shell:Skip shell extension 'dsv' for command environment
[0.358s] DEBUG:colcon.colcon_core.shell:Ignoring prefix path '/opt/ros/galactic'
[0.370s] DEBUG:colcon.colcon_core.event_handler.log_command:Invoking command in '/home/roman/dev_ws/src/roscco/build/roscco': CMAKE_PREFIX_PATH=${CMAKE_PREFIX_PATH}:/opt/ros/galactic /usr/bin/cmake --build /home/roman/dev_ws/src/roscco/build/roscco -- -j8 -l8
[0.508s] DEBUG:colcon.colcon_core.event_handler.log_command:Invoked command in '/home/roman/dev_ws/src/roscco/build/roscco' returned '0': CMAKE_PREFIX_PATH=${CMAKE_PREFIX_PATH}:/opt/ros/galactic /usr/bin/cmake --build /home/roman/dev_ws/src/roscco/build/roscco -- -j8 -l8
[0.561s] DEBUG:colcon.colcon_core.event_handler.log_command:Invoking command in '/home/roman/dev_ws/src/roscco/build/roscco': CMAKE_PREFIX_PATH=${CMAKE_PREFIX_PATH}:/opt/ros/galactic /usr/bin/cmake --install /home/roman/dev_ws/src/roscco/build/roscco
[0.575s] Level 1:colcon.colcon_core.environment:create_environment_scripts_only(roscco)
[0.577s] DEBUG:colcon.colcon_core.event_handler.log_command:Invoked command in '/home/roman/dev_ws/src/roscco/build/roscco' returned '0': CMAKE_PREFIX_PATH=${CMAKE_PREFIX_PATH}:/opt/ros/galactic /usr/bin/cmake --install /home/roman/dev_ws/src/roscco/build/roscco
[0.580s] Level 1:colcon.colcon_core.environment:checking '/home/roman/dev_ws/src/roscco/install/roscco' for CMake module files
[0.581s] Level 1:colcon.colcon_core.environment:checking '/home/roman/dev_ws/src/roscco/install/roscco' for CMake config files
[0.581s] Level 1:colcon.colcon_core.shell:create_environment_hook('roscco', 'cmake_prefix_path')
[0.582s] INFO:colcon.colcon_core.shell:Creating environment hook '/home/roman/dev_ws/src/roscco/install/roscco/share/roscco/hook/cmake_prefix_path.ps1'
[0.583s] INFO:colcon.colcon_core.shell:Creating environment descriptor '/home/roman/dev_ws/src/roscco/install/roscco/share/roscco/hook/cmake_prefix_path.dsv'
[0.584s] INFO:colcon.colcon_core.shell:Creating environment hook '/home/roman/dev_ws/src/roscco/install/roscco/share/roscco/hook/cmake_prefix_path.sh'
[0.585s] Level 1:colcon.colcon_core.environment:checking '/home/roman/dev_ws/src/roscco/install/roscco/lib'
[0.585s] Level 1:colcon.colcon_core.environment:checking '/home/roman/dev_ws/src/roscco/install/roscco/bin'
[0.585s] Level 1:colcon.colcon_core.shell:create_environment_hook('roscco', 'path')
[0.586s] INFO:colcon.colcon_core.shell:Creating environment hook '/home/roman/dev_ws/src/roscco/install/roscco/share/roscco/hook/path.ps1'
[0.586s] INFO:colcon.colcon_core.shell:Creating environment descriptor '/home/roman/dev_ws/src/roscco/install/roscco/share/roscco/hook/path.dsv'
[0.587s] INFO:colcon.colcon_core.shell:Creating environment hook '/home/roman/dev_ws/src/roscco/install/roscco/share/roscco/hook/path.sh'
[0.587s] Level 1:colcon.colcon_core.environment:checking '/home/roman/dev_ws/src/roscco/install/roscco/lib/pkgconfig/roscco.pc'
[0.587s] Level 1:colcon.colcon_core.environment:checking '/home/roman/dev_ws/src/roscco/install/roscco/lib/python3.8/site-packages'
[0.588s] INFO:colcon.colcon_core.shell:Creating package script '/home/roman/dev_ws/src/roscco/install/roscco/share/roscco/package.ps1'
[0.589s] INFO:colcon.colcon_core.shell:Creating package descriptor '/home/roman/dev_ws/src/roscco/install/roscco/share/roscco/package.dsv'
[0.590s] INFO:colcon.colcon_core.shell:Creating package script '/home/roman/dev_ws/src/roscco/install/roscco/share/roscco/package.sh'
[0.591s] INFO:colcon.colcon_core.shell:Creating package script '/home/roman/dev_ws/src/roscco/install/roscco/share/roscco/package.bash'
[0.592s] INFO:colcon.colcon_core.shell:Creating package script '/home/roman/dev_ws/src/roscco/install/roscco/share/roscco/package.zsh'
[0.593s] Level 1:colcon.colcon_core.environment:create_file_with_runtime_dependencies(/home/roman/dev_ws/src/roscco/install/roscco/share/colcon-core/packages/roscco)
[0.628s] Level 1:colcon.colcon_core.environment:create_environment_scripts_only(roscco)
[0.629s] Level 1:colcon.colcon_core.environment:checking '/home/roman/dev_ws/src/roscco/install/roscco' for CMake module files
[0.630s] Level 1:colcon.colcon_core.environment:checking '/home/roman/dev_ws/src/roscco/install/roscco' for CMake config files
[0.630s] Level 1:colcon.colcon_core.shell:create_environment_hook('roscco', 'cmake_prefix_path')
[0.631s] INFO:colcon.colcon_core.shell:Creating environment hook '/home/roman/dev_ws/src/roscco/install/roscco/share/roscco/hook/cmake_prefix_path.ps1'
[0.632s] INFO:colcon.colcon_core.shell:Creating environment descriptor '/home/roman/dev_ws/src/roscco/install/roscco/share/roscco/hook/cmake_prefix_path.dsv'
[0.632s] INFO:colcon.colcon_core.shell:Creating environment hook '/home/roman/dev_ws/src/roscco/install/roscco/share/roscco/hook/cmake_prefix_path.sh'
[0.633s] Level 1:colcon.colcon_core.environment:checking '/home/roman/dev_ws/src/roscco/install/roscco/lib'
[0.633s] Level 1:colcon.colcon_core.environment:checking '/home/roman/dev_ws/src/roscco/install/roscco/bin'
[0.633s] Level 1:colcon.colcon_core.shell:create_environment_hook('roscco', 'path')
[0.633s] INFO:colcon.colcon_core.shell:Creating environment hook '/home/roman/dev_ws/src/roscco/install/roscco/share/roscco/hook/path.ps1'
[0.634s] INFO:colcon.colcon_core.shell:Creating environment descriptor '/home/roman/dev_ws/src/roscco/install/roscco/share/roscco/hook/path.dsv'
[0.634s] INFO:colcon.colcon_core.shell:Creating environment hook '/home/roman/dev_ws/src/roscco/install/roscco/share/roscco/hook/path.sh'
[0.634s] Level 1:colcon.colcon_core.environment:checking '/home/roman/dev_ws/src/roscco/install/roscco/lib/pkgconfig/roscco.pc'
[0.635s] Level 1:colcon.colcon_core.environment:checking '/home/roman/dev_ws/src/roscco/install/roscco/lib/python3.8/site-packages'
[0.635s] INFO:colcon.colcon_core.shell:Creating package script '/home/roman/dev_ws/src/roscco/install/roscco/share/roscco/package.ps1'
[0.636s] INFO:colcon.colcon_core.shell:Creating package descriptor '/home/roman/dev_ws/src/roscco/install/roscco/share/roscco/package.dsv'
[0.636s] INFO:colcon.colcon_core.shell:Creating package script '/home/roman/dev_ws/src/roscco/install/roscco/share/roscco/package.sh'
[0.637s] INFO:colcon.colcon_core.shell:Creating package script '/home/roman/dev_ws/src/roscco/install/roscco/share/roscco/package.bash'
[0.638s] INFO:colcon.colcon_core.shell:Creating package script '/home/roman/dev_ws/src/roscco/install/roscco/share/roscco/package.zsh'
[0.639s] Level 1:colcon.colcon_core.environment:create_file_with_runtime_dependencies(/home/roman/dev_ws/src/roscco/install/roscco/share/colcon-core/packages/roscco)
[0.640s] DEBUG:colcon.colcon_parallel_executor.executor.parallel:closing loop
[0.640s] DEBUG:colcon.colcon_parallel_executor.executor.parallel:loop closed
[0.640s] DEBUG:colcon.colcon_parallel_executor.executor.parallel:run_until_complete finished with '0'
[0.640s] DEBUG:colcon.colcon_core.event_reactor:joining thread
[0.646s] INFO:colcon.colcon_core.plugin_system:Skipping extension 'colcon_notification.desktop_notification.terminal_notifier': Not used on non-Darwin systems
[0.646s] INFO:colcon.colcon_core.plugin_system:Skipping extension 'colcon_notification.desktop_notification.win32': Not used on non-Windows systems
[0.646s] INFO:colcon.colcon_notification.desktop_notification:Sending desktop notification using 'notify2'
[0.665s] DEBUG:colcon.colcon_core.event_reactor:joined thread
[0.666s] INFO:colcon.colcon_core.shell:Creating prefix script '/home/roman/dev_ws/src/roscco/install/local_setup.ps1'
[0.667s] INFO:colcon.colcon_core.shell:Creating prefix util module '/home/roman/dev_ws/src/roscco/install/_local_setup_util_ps1.py'
[0.668s] INFO:colcon.colcon_core.shell:Creating prefix chain script '/home/roman/dev_ws/src/roscco/install/setup.ps1'
[0.671s] INFO:colcon.colcon_core.shell:Creating prefix script '/home/roman/dev_ws/src/roscco/install/local_setup.sh'
[0.672s] INFO:colcon.colcon_core.shell:Creating prefix util module '/home/roman/dev_ws/src/roscco/install/_local_setup_util_sh.py'
[0.672s] INFO:colcon.colcon_core.shell:Creating prefix chain script '/home/roman/dev_ws/src/roscco/install/setup.sh'
[0.674s] INFO:colcon.colcon_core.shell:Creating prefix script '/home/roman/dev_ws/src/roscco/install/local_setup.bash'
[0.675s] INFO:colcon.colcon_core.shell:Creating prefix chain script '/home/roman/dev_ws/src/roscco/install/setup.bash'
[0.677s] INFO:colcon.colcon_core.shell:Creating prefix script '/home/roman/dev_ws/src/roscco/install/local_setup.zsh'
[0.678s] INFO:colcon.colcon_core.shell:Creating prefix chain script '/home/roman/dev_ws/src/roscco/install/setup.zsh'
