[ 20%] Built target oscc_api
[ 40%] Built target roscco_teleop
[ 80%] Built target roscco_ros_to_oscc
[ 80%] Built target roscco_oscc_to_ros
[100%] Built target roscco_node
-- Install configuration: ""
-- Up-to-date: /home/roman/dev_ws/src/roscco/install/roscco/share/ament_index/resource_index/package_run_dependencies/roscco
-- Up-to-date: /home/roman/dev_ws/src/roscco/install/roscco/share/ament_index/resource_index/parent_prefix_path/roscco
-- Up-to-date: /home/roman/dev_ws/src/roscco/install/roscco/share/roscco/environment/ament_prefix_path.sh
-- Up-to-date: /home/roman/dev_ws/src/roscco/install/roscco/share/roscco/environment/ament_prefix_path.dsv
-- Up-to-date: /home/roman/dev_ws/src/roscco/install/roscco/share/roscco/environment/path.sh
-- Up-to-date: /home/roman/dev_ws/src/roscco/install/roscco/share/roscco/environment/path.dsv
-- Up-to-date: /home/roman/dev_ws/src/roscco/install/roscco/share/roscco/local_setup.bash
-- Up-to-date: /home/roman/dev_ws/src/roscco/install/roscco/share/roscco/local_setup.sh
-- Up-to-date: /home/roman/dev_ws/src/roscco/install/roscco/share/roscco/local_setup.zsh
-- Up-to-date: /home/roman/dev_ws/src/roscco/install/roscco/share/roscco/local_setup.dsv
-- Installing: /home/roman/dev_ws/src/roscco/install/roscco/share/roscco/package.dsv
-- Up-to-date: /home/roman/dev_ws/src/roscco/install/roscco/share/ament_index/resource_index/packages/roscco
-- Up-to-date: /home/roman/dev_ws/src/roscco/install/roscco/share/roscco/cmake/rosccoConfig.cmake
-- Up-to-date: /home/roman/dev_ws/src/roscco/install/roscco/share/roscco/cmake/rosccoConfig-version.cmake
-- Up-to-date: /home/roman/dev_ws/src/roscco/install/roscco/share/roscco/package.xml
-- Up-to-date: /home/roman/dev_ws/src/roscco/install/roscco/lib/liboscc_api.a
-- Up-to-date: /home/roman/dev_ws/src/roscco/install/roscco/bin/roscco_node
-- Up-to-date: /home/roman/dev_ws/src/roscco/install/roscco/lib/libroscco_oscc_to_ros.a
-- Up-to-date: /home/roman/dev_ws/src/roscco/install/roscco/lib/libroscco_ros_to_oscc.a
-- Up-to-date: /home/roman/dev_ws/src/roscco/install/roscco/lib/roscco/roscco
-- Up-to-date: /home/roman/dev_ws/src/roscco/install/roscco/lib/roscco/roscco/ros_to_oscc.h
-- Up-to-date: /home/roman/dev_ws/src/roscco/install/roscco/lib/roscco/roscco/oscc_to_ros.h
-- Up-to-date: /home/roman/dev_ws/src/roscco/install/roscco/lib/roscco/roscco/pid_control.h
-- Up-to-date: /home/roman/dev_ws/src/roscco/install/roscco/lib/roscco/include
-- Up-to-date: /home/roman/dev_ws/src/roscco/install/roscco/lib/roscco/include/oscc.h
-- Up-to-date: /home/roman/dev_ws/src/roscco/install/roscco/lib/roscco/include/dtc.h
-- Up-to-date: /home/roman/dev_ws/src/roscco/install/roscco/lib/roscco/include/vehicles.h
-- Up-to-date: /home/roman/dev_ws/src/roscco/install/roscco/lib/roscco/include/can_protocols
-- Up-to-date: /home/roman/dev_ws/src/roscco/install/roscco/lib/roscco/include/can_protocols/throttle_can_protocol.h
-- Up-to-date: /home/roman/dev_ws/src/roscco/install/roscco/lib/roscco/include/can_protocols/fault_can_protocol.h
-- Up-to-date: /home/roman/dev_ws/src/roscco/install/roscco/lib/roscco/include/can_protocols/magic.h
-- Up-to-date: /home/roman/dev_ws/src/roscco/install/roscco/lib/roscco/include/can_protocols/brake_can_protocol.h
-- Up-to-date: /home/roman/dev_ws/src/roscco/install/roscco/lib/roscco/include/can_protocols/steering_can_protocol.h
-- Up-to-date: /home/roman/dev_ws/src/roscco/install/roscco/lib/roscco/include/vehicles
-- Up-to-date: /home/roman/dev_ws/src/roscco/install/roscco/lib/roscco/include/vehicles/kia_soul_petrol.h
-- Up-to-date: /home/roman/dev_ws/src/roscco/install/roscco/lib/roscco/include/vehicles/kia_soul_ev.h
-- Up-to-date: /home/roman/dev_ws/src/roscco/install/roscco/lib/roscco/include/vehicles/kia_niro.h
