[0.016s] Invoking command in '/home/roman/dev_ws/src/roscco/build/roscco': CMAKE_PREFIX_PATH=${CMAKE_PREFIX_PATH}:/opt/ros/galactic /usr/bin/cmake --build /home/roman/dev_ws/src/roscco/build/roscco -- -j8 -l8
[0.078s] [ 20%] Built target oscc_api
[0.086s] [ 40%] Built target roscco_teleop
[0.106s] [ 80%] Built target roscco_ros_to_oscc
[0.106s] [ 80%] Built target roscco_oscc_to_ros
[0.142s] [100%] Built target roscco_node
[0.155s] Invoked command in '/home/roman/dev_ws/src/roscco/build/roscco' returned '0': CMAKE_PREFIX_PATH=${CMAKE_PREFIX_PATH}:/opt/ros/galactic /usr/bin/cmake --build /home/roman/dev_ws/src/roscco/build/roscco -- -j8 -l8
[0.208s] Invoking command in '/home/roman/dev_ws/src/roscco/build/roscco': CMAKE_PREFIX_PATH=${CMAKE_PREFIX_PATH}:/opt/ros/galactic /usr/bin/cmake --install /home/roman/dev_ws/src/roscco/build/roscco
[0.217s] -- Install configuration: ""
[0.218s] -- Up-to-date: /home/roman/dev_ws/src/roscco/install/roscco/share/ament_index/resource_index/package_run_dependencies/roscco
[0.218s] -- Up-to-date: /home/roman/dev_ws/src/roscco/install/roscco/share/ament_index/resource_index/parent_prefix_path/roscco
[0.218s] -- Up-to-date: /home/roman/dev_ws/src/roscco/install/roscco/share/roscco/environment/ament_prefix_path.sh
[0.218s] -- Up-to-date: /home/roman/dev_ws/src/roscco/install/roscco/share/roscco/environment/ament_prefix_path.dsv
[0.218s] -- Up-to-date: /home/roman/dev_ws/src/roscco/install/roscco/share/roscco/environment/path.sh
[0.219s] -- Up-to-date: /home/roman/dev_ws/src/roscco/install/roscco/share/roscco/environment/path.dsv
[0.219s] -- Up-to-date: /home/roman/dev_ws/src/roscco/install/roscco/share/roscco/local_setup.bash
[0.219s] -- Up-to-date: /home/roman/dev_ws/src/roscco/install/roscco/share/roscco/local_setup.sh
[0.219s] -- Up-to-date: /home/roman/dev_ws/src/roscco/install/roscco/share/roscco/local_setup.zsh
[0.219s] -- Up-to-date: /home/roman/dev_ws/src/roscco/install/roscco/share/roscco/local_setup.dsv
[0.219s] -- Installing: /home/roman/dev_ws/src/roscco/install/roscco/share/roscco/package.dsv
[0.220s] -- Up-to-date: /home/roman/dev_ws/src/roscco/install/roscco/share/ament_index/resource_index/packages/roscco
[0.220s] -- Up-to-date: /home/roman/dev_ws/src/roscco/install/roscco/share/roscco/cmake/rosccoConfig.cmake
[0.220s] -- Up-to-date: /home/roman/dev_ws/src/roscco/install/roscco/share/roscco/cmake/rosccoConfig-version.cmake
[0.220s] -- Up-to-date: /home/roman/dev_ws/src/roscco/install/roscco/share/roscco/package.xml
[0.220s] -- Up-to-date: /home/roman/dev_ws/src/roscco/install/roscco/lib/liboscc_api.a
[0.220s] -- Up-to-date: /home/roman/dev_ws/src/roscco/install/roscco/bin/roscco_node
[0.220s] -- Up-to-date: /home/roman/dev_ws/src/roscco/install/roscco/lib/libroscco_oscc_to_ros.a
[0.220s] -- Up-to-date: /home/roman/dev_ws/src/roscco/install/roscco/lib/libroscco_ros_to_oscc.a
[0.220s] -- Up-to-date: /home/roman/dev_ws/src/roscco/install/roscco/lib/roscco/roscco
[0.220s] -- Up-to-date: /home/roman/dev_ws/src/roscco/install/roscco/lib/roscco/roscco/ros_to_oscc.h
[0.220s] -- Up-to-date: /home/roman/dev_ws/src/roscco/install/roscco/lib/roscco/roscco/oscc_to_ros.h
[0.221s] -- Up-to-date: /home/roman/dev_ws/src/roscco/install/roscco/lib/roscco/roscco/pid_control.h
[0.221s] -- Up-to-date: /home/roman/dev_ws/src/roscco/install/roscco/lib/roscco/include
[0.221s] -- Up-to-date: /home/roman/dev_ws/src/roscco/install/roscco/lib/roscco/include/oscc.h
[0.221s] -- Up-to-date: /home/roman/dev_ws/src/roscco/install/roscco/lib/roscco/include/dtc.h
[0.221s] -- Up-to-date: /home/roman/dev_ws/src/roscco/install/roscco/lib/roscco/include/vehicles.h
[0.221s] -- Up-to-date: /home/roman/dev_ws/src/roscco/install/roscco/lib/roscco/include/can_protocols
[0.221s] -- Up-to-date: /home/roman/dev_ws/src/roscco/install/roscco/lib/roscco/include/can_protocols/throttle_can_protocol.h
[0.222s] -- Up-to-date: /home/roman/dev_ws/src/roscco/install/roscco/lib/roscco/include/can_protocols/fault_can_protocol.h
[0.223s] -- Up-to-date: /home/roman/dev_ws/src/roscco/install/roscco/lib/roscco/include/can_protocols/magic.h
[0.223s] -- Up-to-date: /home/roman/dev_ws/src/roscco/install/roscco/lib/roscco/include/can_protocols/brake_can_protocol.h
[0.223s] -- Up-to-date: /home/roman/dev_ws/src/roscco/install/roscco/lib/roscco/include/can_protocols/steering_can_protocol.h
[0.223s] -- Up-to-date: /home/roman/dev_ws/src/roscco/install/roscco/lib/roscco/include/vehicles
[0.224s] -- Up-to-date: /home/roman/dev_ws/src/roscco/install/roscco/lib/roscco/include/vehicles/kia_soul_petrol.h
[0.224s] -- Up-to-date: /home/roman/dev_ws/src/roscco/install/roscco/lib/roscco/include/vehicles/kia_soul_ev.h
[0.224s] -- Up-to-date: /home/roman/dev_ws/src/roscco/install/roscco/lib/roscco/include/vehicles/kia_niro.h
[0.224s] Invoked command in '/home/roman/dev_ws/src/roscco/build/roscco' returned '0': CMAKE_PREFIX_PATH=${CMAKE_PREFIX_PATH}:/opt/ros/galactic /usr/bin/cmake --install /home/roman/dev_ws/src/roscco/build/roscco
