-- The C compiler identification is GNU 9.3.0
-- The CXX compiler identification is GNU 9.3.0
-- Check for working C compiler: /usr/bin/cc
-- Check for working C compiler: /usr/bin/cc -- works
-- Detecting C compiler ABI info
-- Detecting C compiler ABI info - done
-- Detecting C compile features
-- Detecting C compile features - done
-- Check for working CXX compiler: /usr/bin/c++
-- Check for working CXX compiler: /usr/bin/c++ -- works
-- Detecting CXX compiler ABI info
-- Detecting CXX compiler ABI info - done
-- Detecting CXX compile features
-- Detecting CXX compile features - done
-- VEHICLE=''
CMake Error at oscc/firmware/cmake/OsccConfig.cmake:34 (message):
  No platform selected, available platforms are:
  kia_soul;kia_soul_ev;kia_niro
Call Stack (most recent call first):
  oscc/api/OsccConfig.cmake:1 (include)
  CMakeLists.txt:8 (include)


-- Configuring incomplete, errors occurred!
See also "/home/roman/dev_ws/src/roscco/build/roscco/CMakeFiles/CMakeOutput.log".
