[0.310s] DEBUG:colcon:Command line arguments: ['/usr/bin/colcon', 'build', '--cmake-args', '-DVEHICLE=kia_soul', '-DEXAMPLE=ON']
[0.310s] DEBUG:colcon:Parsed command line arguments: Namespace(ament_cmake_args=None, base_paths=['.'], build_base='build', catkin_cmake_args=None, catkin_skip_building_tests=False, cmake_args=['-DVEHICLE=kia_soul', '-DEXAMPLE=ON'], cmake_clean_cache=False, cmake_clean_first=False, cmake_force_configure=False, cmake_target=None, cmake_target_skip_unavailable=False, continue_on_error=False, event_handlers=None, executor='parallel', ignore_user_meta=False, install_base='install', log_base=None, log_level=None, main=<bound method BuildVerb.main of <colcon_core.verb.build.BuildVerb object at 0x7f3eea23d730>>, merge_install=False, metas=['./colcon.meta'], packages_above=None, packages_above_and_dependencies=None, packages_above_depth=None, packages_end=None, packages_ignore=None, packages_ignore_regex=None, packages_select=None, packages_select_build_failed=False, packages_select_by_dep=None, packages_select_regex=None, packages_select_test_failures=False, packages_skip=None, packages_skip_build_finished=False, packages_skip_by_dep=None, packages_skip_regex=None, packages_skip_test_passed=False, packages_skip_up_to=None, packages_start=None, packages_up_to=None, packages_up_to_regex=None, parallel_workers=8, paths=None, symlink_install=False, test_result_base=None, verb_extension=<colcon_core.verb.build.BuildVerb object at 0x7f3eea23d730>, verb_name='build', verb_parser=<colcon_defaults.argument_parser.defaults.DefaultArgumentsDecorator object at 0x7f3eea23dc70>)
[0.315s] Level 1:colcon.colcon_core.package_discovery:discover_packages(colcon_meta) check parameters
[0.315s] Level 1:colcon.colcon_core.package_discovery:discover_packages(recursive) check parameters
[0.315s] Level 1:colcon.colcon_core.package_discovery:discover_packages(ignore) check parameters
[0.315s] Level 1:colcon.colcon_core.package_discovery:discover_packages(path) check parameters
[0.315s] Level 1:colcon.colcon_core.package_discovery:discover_packages(colcon_meta) discover
[0.315s] Level 1:colcon.colcon_core.package_discovery:discover_packages(recursive) discover
[0.315s] INFO:colcon.colcon_core.package_discovery:Crawling recursively for packages in '/home/roman/dev_ws/src/roscco'
[0.316s] Level 1:colcon.colcon_core.package_identification:_identify(.) by extensions ['ignore', 'ignore_ament_install']
[0.316s] Level 1:colcon.colcon_core.package_identification:_identify(.) by extension 'ignore'
[0.316s] Level 1:colcon.colcon_core.package_identification:_identify(.) by extension 'ignore_ament_install'
[0.316s] Level 1:colcon.colcon_core.package_identification:_identify(.) by extensions ['colcon_pkg']
[0.316s] Level 1:colcon.colcon_core.package_identification:_identify(.) by extension 'colcon_pkg'
[0.316s] Level 1:colcon.colcon_core.package_identification:_identify(.) by extensions ['colcon_meta']
[0.316s] Level 1:colcon.colcon_core.package_identification:_identify(.) by extension 'colcon_meta'
[0.316s] Level 1:colcon.colcon_core.package_identification:_identify(.) by extensions ['ros']
[0.316s] Level 1:colcon.colcon_core.package_identification:_identify(.) by extension 'ros'
[0.329s] DEBUG:colcon.colcon_core.package_identification:Package '.' with type 'ros.ament_cmake' and name 'roscco'
[0.329s] Level 1:colcon.colcon_core.package_discovery:discover_packages(recursive) using defaults
[0.329s] Level 1:colcon.colcon_core.package_discovery:discover_packages(ignore) discover
[0.329s] Level 1:colcon.colcon_core.package_discovery:discover_packages(ignore) using defaults
[0.329s] Level 1:colcon.colcon_core.package_discovery:discover_packages(path) discover
[0.329s] Level 1:colcon.colcon_core.package_discovery:discover_packages(path) using defaults
[0.347s] Level 5:colcon.colcon_core.verb:set package 'roscco' build argument 'cmake_args' from command line to '['-DVEHICLE=kia_soul', '-DEXAMPLE=ON']'
[0.347s] Level 5:colcon.colcon_core.verb:set package 'roscco' build argument 'cmake_target' from command line to 'None'
[0.348s] Level 5:colcon.colcon_core.verb:set package 'roscco' build argument 'cmake_target_skip_unavailable' from command line to 'False'
[0.348s] Level 5:colcon.colcon_core.verb:set package 'roscco' build argument 'cmake_clean_cache' from command line to 'False'
[0.348s] Level 5:colcon.colcon_core.verb:set package 'roscco' build argument 'cmake_clean_first' from command line to 'False'
[0.348s] Level 5:colcon.colcon_core.verb:set package 'roscco' build argument 'cmake_force_configure' from command line to 'False'
[0.348s] Level 5:colcon.colcon_core.verb:set package 'roscco' build argument 'ament_cmake_args' from command line to 'None'
[0.348s] Level 5:colcon.colcon_core.verb:set package 'roscco' build argument 'catkin_cmake_args' from command line to 'None'
[0.348s] Level 5:colcon.colcon_core.verb:set package 'roscco' build argument 'catkin_skip_building_tests' from command line to 'False'
[0.348s] DEBUG:colcon.colcon_core.verb:Building package 'roscco' with the following arguments: {'ament_cmake_args': None, 'build_base': '/home/roman/dev_ws/src/roscco/build/roscco', 'catkin_cmake_args': None, 'catkin_skip_building_tests': False, 'cmake_args': ['-DVEHICLE=kia_soul', '-DEXAMPLE=ON'], 'cmake_clean_cache': False, 'cmake_clean_first': False, 'cmake_force_configure': False, 'cmake_target': None, 'cmake_target_skip_unavailable': False, 'install_base': '/home/roman/dev_ws/src/roscco/install/roscco', 'merge_install': False, 'path': '/home/roman/dev_ws/src/roscco', 'symlink_install': False, 'test_result_base': None}
[0.348s] INFO:colcon.colcon_core.executor:Executing jobs using 'parallel' executor
[0.350s] DEBUG:colcon.colcon_parallel_executor.executor.parallel:run_until_complete
[0.350s] INFO:colcon.colcon_ros.task.ament_cmake.build:Building ROS package in '/home/roman/dev_ws/src/roscco' with build type 'ament_cmake'
[0.350s] INFO:colcon.colcon_cmake.task.cmake.build:Building CMake package in '/home/roman/dev_ws/src/roscco'
[0.354s] INFO:colcon.colcon_core.plugin_system:Skipping extension 'colcon_core.shell.bat': Not used on non-Windows systems
[0.354s] INFO:colcon.colcon_core.shell:Skip shell extension 'powershell' for command environment: Not usable outside of PowerShell
[0.354s] DEBUG:colcon.colcon_core.shell:Skip shell extension 'dsv' for command environment
[0.356s] DEBUG:colcon.colcon_core.shell:Ignoring prefix path '/opt/ros/galactic'
[0.368s] DEBUG:colcon.colcon_core.event_handler.log_command:Invoking command in '/home/roman/dev_ws/src/roscco/build/roscco': CMAKE_PREFIX_PATH=${CMAKE_PREFIX_PATH}:/opt/ros/galactic /usr/bin/cmake --build /home/roman/dev_ws/src/roscco/build/roscco -- -j8 -l8
[1.230s] DEBUG:colcon.colcon_core.event_handler.log_command:Invoked command in '/home/roman/dev_ws/src/roscco/build/roscco' returned '0': CMAKE_PREFIX_PATH=${CMAKE_PREFIX_PATH}:/opt/ros/galactic /usr/bin/cmake --build /home/roman/dev_ws/src/roscco/build/roscco -- -j8 -l8
[1.279s] DEBUG:colcon.colcon_core.event_handler.log_command:Invoking command in '/home/roman/dev_ws/src/roscco/build/roscco': CMAKE_PREFIX_PATH=${CMAKE_PREFIX_PATH}:/opt/ros/galactic /usr/bin/cmake --install /home/roman/dev_ws/src/roscco/build/roscco
[1.294s] Level 1:colcon.colcon_core.environment:create_environment_scripts_only(roscco)
[1.295s] DEBUG:colcon.colcon_core.event_handler.log_command:Invoked command in '/home/roman/dev_ws/src/roscco/build/roscco' returned '0': CMAKE_PREFIX_PATH=${CMAKE_PREFIX_PATH}:/opt/ros/galactic /usr/bin/cmake --install /home/roman/dev_ws/src/roscco/build/roscco
[1.298s] Level 1:colcon.colcon_core.environment:checking '/home/roman/dev_ws/src/roscco/install/roscco' for CMake module files
[1.299s] Level 1:colcon.colcon_core.environment:checking '/home/roman/dev_ws/src/roscco/install/roscco' for CMake config files
[1.300s] Level 1:colcon.colcon_core.shell:create_environment_hook('roscco', 'cmake_prefix_path')
[1.300s] INFO:colcon.colcon_core.shell:Creating environment hook '/home/roman/dev_ws/src/roscco/install/roscco/share/roscco/hook/cmake_prefix_path.ps1'
[1.301s] INFO:colcon.colcon_core.shell:Creating environment descriptor '/home/roman/dev_ws/src/roscco/install/roscco/share/roscco/hook/cmake_prefix_path.dsv'
[1.302s] INFO:colcon.colcon_core.shell:Creating environment hook '/home/roman/dev_ws/src/roscco/install/roscco/share/roscco/hook/cmake_prefix_path.sh'
[1.303s] Level 1:colcon.colcon_core.environment:checking '/home/roman/dev_ws/src/roscco/install/roscco/lib'
[1.303s] Level 1:colcon.colcon_core.environment:checking '/home/roman/dev_ws/src/roscco/install/roscco/bin'
[1.304s] Level 1:colcon.colcon_core.shell:create_environment_hook('roscco', 'path')
[1.304s] INFO:colcon.colcon_core.shell:Creating environment hook '/home/roman/dev_ws/src/roscco/install/roscco/share/roscco/hook/path.ps1'
[1.305s] INFO:colcon.colcon_core.shell:Creating environment descriptor '/home/roman/dev_ws/src/roscco/install/roscco/share/roscco/hook/path.dsv'
[1.305s] INFO:colcon.colcon_core.shell:Creating environment hook '/home/roman/dev_ws/src/roscco/install/roscco/share/roscco/hook/path.sh'
[1.306s] Level 1:colcon.colcon_core.environment:checking '/home/roman/dev_ws/src/roscco/install/roscco/lib/pkgconfig/roscco.pc'
[1.306s] Level 1:colcon.colcon_core.environment:checking '/home/roman/dev_ws/src/roscco/install/roscco/lib/python3.8/site-packages'
[1.307s] INFO:colcon.colcon_core.shell:Creating package script '/home/roman/dev_ws/src/roscco/install/roscco/share/roscco/package.ps1'
[1.308s] INFO:colcon.colcon_core.shell:Creating package descriptor '/home/roman/dev_ws/src/roscco/install/roscco/share/roscco/package.dsv'
[1.309s] INFO:colcon.colcon_core.shell:Creating package script '/home/roman/dev_ws/src/roscco/install/roscco/share/roscco/package.sh'
[1.310s] INFO:colcon.colcon_core.shell:Creating package script '/home/roman/dev_ws/src/roscco/install/roscco/share/roscco/package.bash'
[1.311s] INFO:colcon.colcon_core.shell:Creating package script '/home/roman/dev_ws/src/roscco/install/roscco/share/roscco/package.zsh'
[1.312s] Level 1:colcon.colcon_core.environment:create_file_with_runtime_dependencies(/home/roman/dev_ws/src/roscco/install/roscco/share/colcon-core/packages/roscco)
[1.351s] Level 1:colcon.colcon_core.environment:create_environment_scripts_only(roscco)
[1.352s] Level 1:colcon.colcon_core.environment:checking '/home/roman/dev_ws/src/roscco/install/roscco' for CMake module files
[1.353s] Level 1:colcon.colcon_core.environment:checking '/home/roman/dev_ws/src/roscco/install/roscco' for CMake config files
[1.353s] Level 1:colcon.colcon_core.shell:create_environment_hook('roscco', 'cmake_prefix_path')
[1.353s] INFO:colcon.colcon_core.shell:Creating environment hook '/home/roman/dev_ws/src/roscco/install/roscco/share/roscco/hook/cmake_prefix_path.ps1'
[1.354s] INFO:colcon.colcon_core.shell:Creating environment descriptor '/home/roman/dev_ws/src/roscco/install/roscco/share/roscco/hook/cmake_prefix_path.dsv'
[1.354s] INFO:colcon.colcon_core.shell:Creating environment hook '/home/roman/dev_ws/src/roscco/install/roscco/share/roscco/hook/cmake_prefix_path.sh'
[1.355s] Level 1:colcon.colcon_core.environment:checking '/home/roman/dev_ws/src/roscco/install/roscco/lib'
[1.355s] Level 1:colcon.colcon_core.environment:checking '/home/roman/dev_ws/src/roscco/install/roscco/bin'
[1.355s] Level 1:colcon.colcon_core.shell:create_environment_hook('roscco', 'path')
[1.356s] INFO:colcon.colcon_core.shell:Creating environment hook '/home/roman/dev_ws/src/roscco/install/roscco/share/roscco/hook/path.ps1'
[1.356s] INFO:colcon.colcon_core.shell:Creating environment descriptor '/home/roman/dev_ws/src/roscco/install/roscco/share/roscco/hook/path.dsv'
[1.356s] INFO:colcon.colcon_core.shell:Creating environment hook '/home/roman/dev_ws/src/roscco/install/roscco/share/roscco/hook/path.sh'
[1.357s] Level 1:colcon.colcon_core.environment:checking '/home/roman/dev_ws/src/roscco/install/roscco/lib/pkgconfig/roscco.pc'
[1.357s] Level 1:colcon.colcon_core.environment:checking '/home/roman/dev_ws/src/roscco/install/roscco/lib/python3.8/site-packages'
[1.357s] INFO:colcon.colcon_core.shell:Creating package script '/home/roman/dev_ws/src/roscco/install/roscco/share/roscco/package.ps1'
[1.358s] INFO:colcon.colcon_core.shell:Creating package descriptor '/home/roman/dev_ws/src/roscco/install/roscco/share/roscco/package.dsv'
[1.358s] INFO:colcon.colcon_core.shell:Creating package script '/home/roman/dev_ws/src/roscco/install/roscco/share/roscco/package.sh'
[1.359s] INFO:colcon.colcon_core.shell:Creating package script '/home/roman/dev_ws/src/roscco/install/roscco/share/roscco/package.bash'
[1.359s] INFO:colcon.colcon_core.shell:Creating package script '/home/roman/dev_ws/src/roscco/install/roscco/share/roscco/package.zsh'
[1.359s] Level 1:colcon.colcon_core.environment:create_file_with_runtime_dependencies(/home/roman/dev_ws/src/roscco/install/roscco/share/colcon-core/packages/roscco)
[1.360s] DEBUG:colcon.colcon_parallel_executor.executor.parallel:closing loop
[1.360s] DEBUG:colcon.colcon_parallel_executor.executor.parallel:loop closed
[1.360s] DEBUG:colcon.colcon_parallel_executor.executor.parallel:run_until_complete finished with '0'
[1.360s] DEBUG:colcon.colcon_core.event_reactor:joining thread
[1.367s] INFO:colcon.colcon_core.plugin_system:Skipping extension 'colcon_notification.desktop_notification.terminal_notifier': Not used on non-Darwin systems
[1.367s] INFO:colcon.colcon_core.plugin_system:Skipping extension 'colcon_notification.desktop_notification.win32': Not used on non-Windows systems
[1.368s] INFO:colcon.colcon_notification.desktop_notification:Sending desktop notification using 'notify2'
[1.388s] DEBUG:colcon.colcon_core.event_reactor:joined thread
[1.389s] INFO:colcon.colcon_core.shell:Creating prefix script '/home/roman/dev_ws/src/roscco/install/local_setup.ps1'
[1.390s] INFO:colcon.colcon_core.shell:Creating prefix util module '/home/roman/dev_ws/src/roscco/install/_local_setup_util_ps1.py'
[1.391s] INFO:colcon.colcon_core.shell:Creating prefix chain script '/home/roman/dev_ws/src/roscco/install/setup.ps1'
[1.393s] INFO:colcon.colcon_core.shell:Creating prefix script '/home/roman/dev_ws/src/roscco/install/local_setup.sh'
[1.393s] INFO:colcon.colcon_core.shell:Creating prefix util module '/home/roman/dev_ws/src/roscco/install/_local_setup_util_sh.py'
[1.394s] INFO:colcon.colcon_core.shell:Creating prefix chain script '/home/roman/dev_ws/src/roscco/install/setup.sh'
[1.396s] INFO:colcon.colcon_core.shell:Creating prefix script '/home/roman/dev_ws/src/roscco/install/local_setup.bash'
[1.396s] INFO:colcon.colcon_core.shell:Creating prefix chain script '/home/roman/dev_ws/src/roscco/install/setup.bash'
[1.399s] INFO:colcon.colcon_core.shell:Creating prefix script '/home/roman/dev_ws/src/roscco/install/local_setup.zsh'
[1.399s] INFO:colcon.colcon_core.shell:Creating prefix chain script '/home/roman/dev_ws/src/roscco/install/setup.zsh'
